{"/home/sonny/frontend-project-lvl2/src/index.js": {"path":"/home/sonny/frontend-project-lvl2/src/index.js","statementMap":{"0":{"start":{"line":9,"column":18},"end":{"line":9,"column":62}},"1":{"start":{"line":11,"column":23},"end":{"line":11,"column":89}},"2":{"start":{"line":11,"column":37},"end":{"line":11,"column":89}},"3":{"start":{"line":12,"column":17},"end":{"line":12,"column":81}},"4":{"start":{"line":12,"column":31},"end":{"line":12,"column":81}},"5":{"start":{"line":14,"column":17},"end":{"line":53,"column":1}},"6":{"start":{"line":15,"column":22},"end":{"line":15,"column":42}},"7":{"start":{"line":16,"column":22},"end":{"line":16,"column":42}},"8":{"start":{"line":18,"column":16},"end":{"line":18,"column":40}},"9":{"start":{"line":19,"column":16},"end":{"line":19,"column":40}},"10":{"start":{"line":20,"column":20},"end":{"line":20,"column":51}},"11":{"start":{"line":22,"column":23},"end":{"line":50,"column":4}},"12":{"start":{"line":23,"column":4},"end":{"line":29,"column":5}},"13":{"start":{"line":24,"column":6},"end":{"line":28,"column":8}},"14":{"start":{"line":30,"column":4},"end":{"line":36,"column":5}},"15":{"start":{"line":31,"column":6},"end":{"line":35,"column":8}},"16":{"start":{"line":37,"column":4},"end":{"line":44,"column":5}},"17":{"start":{"line":38,"column":6},"end":{"line":43,"column":8}},"18":{"start":{"line":45,"column":4},"end":{"line":49,"column":6}},"19":{"start":{"line":52,"column":2},"end":{"line":52,"column":22}},"20":{"start":{"line":55,"column":16},"end":{"line":82,"column":1}},"21":{"start":{"line":56,"column":19},"end":{"line":56,"column":34}},"22":{"start":{"line":57,"column":19},"end":{"line":57,"column":34}},"23":{"start":{"line":59,"column":15},"end":{"line":59,"column":43}},"24":{"start":{"line":61,"column":24},"end":{"line":79,"column":8}},"25":{"start":{"line":62,"column":4},"end":{"line":65,"column":5}},"26":{"start":{"line":63,"column":6},"end":{"line":63,"column":48}},"27":{"start":{"line":64,"column":6},"end":{"line":64,"column":17}},"28":{"start":{"line":66,"column":4},"end":{"line":69,"column":5}},"29":{"start":{"line":67,"column":6},"end":{"line":67,"column":48}},"30":{"start":{"line":68,"column":6},"end":{"line":68,"column":17}},"31":{"start":{"line":70,"column":4},"end":{"line":73,"column":5}},"32":{"start":{"line":71,"column":6},"end":{"line":71,"column":48}},"33":{"start":{"line":72,"column":6},"end":{"line":72,"column":17}},"34":{"start":{"line":74,"column":4},"end":{"line":78,"column":5}},"35":{"start":{"line":75,"column":6},"end":{"line":75,"column":49}},"36":{"start":{"line":76,"column":6},"end":{"line":76,"column":49}},"37":{"start":{"line":77,"column":6},"end":{"line":77,"column":17}},"38":{"start":{"line":81,"column":2},"end":{"line":81,"column":32}}},"fnMap":{"0":{"name":"(anonymous_0)","decl":{"start":{"line":11,"column":23},"end":{"line":11,"column":24}},"loc":{"start":{"line":11,"column":37},"end":{"line":11,"column":89}},"line":11},"1":{"name":"(anonymous_1)","decl":{"start":{"line":12,"column":17},"end":{"line":12,"column":18}},"loc":{"start":{"line":12,"column":31},"end":{"line":12,"column":81}},"line":12},"2":{"name":"(anonymous_2)","decl":{"start":{"line":14,"column":17},"end":{"line":14,"column":18}},"loc":{"start":{"line":14,"column":41},"end":{"line":53,"column":1}},"line":14},"3":{"name":"(anonymous_3)","decl":{"start":{"line":22,"column":37},"end":{"line":22,"column":38}},"loc":{"start":{"line":22,"column":46},"end":{"line":50,"column":3}},"line":22},"4":{"name":"(anonymous_4)","decl":{"start":{"line":55,"column":16},"end":{"line":55,"column":17}},"loc":{"start":{"line":55,"column":34},"end":{"line":82,"column":1}},"line":55},"5":{"name":"(anonymous_5)","decl":{"start":{"line":61,"column":36},"end":{"line":61,"column":37}},"loc":{"start":{"line":61,"column":51},"end":{"line":79,"column":3}},"line":61}},"branchMap":{"0":{"loc":{"start":{"line":23,"column":4},"end":{"line":29,"column":5}},"type":"if","locations":[{"start":{"line":23,"column":4},"end":{"line":29,"column":5}},{"start":{},"end":{}}],"line":23},"1":{"loc":{"start":{"line":30,"column":4},"end":{"line":36,"column":5}},"type":"if","locations":[{"start":{"line":30,"column":4},"end":{"line":36,"column":5}},{"start":{},"end":{}}],"line":30},"2":{"loc":{"start":{"line":37,"column":4},"end":{"line":44,"column":5}},"type":"if","locations":[{"start":{"line":37,"column":4},"end":{"line":44,"column":5}},{"start":{},"end":{}}],"line":37},"3":{"loc":{"start":{"line":62,"column":4},"end":{"line":65,"column":5}},"type":"if","locations":[{"start":{"line":62,"column":4},"end":{"line":65,"column":5}},{"start":{},"end":{}}],"line":62},"4":{"loc":{"start":{"line":66,"column":4},"end":{"line":69,"column":5}},"type":"if","locations":[{"start":{"line":66,"column":4},"end":{"line":69,"column":5}},{"start":{},"end":{}}],"line":66},"5":{"loc":{"start":{"line":70,"column":4},"end":{"line":73,"column":5}},"type":"if","locations":[{"start":{"line":70,"column":4},"end":{"line":73,"column":5}},{"start":{},"end":{}}],"line":70},"6":{"loc":{"start":{"line":74,"column":4},"end":{"line":78,"column":5}},"type":"if","locations":[{"start":{"line":74,"column":4},"end":{"line":78,"column":5}},{"start":{},"end":{}}],"line":74}},"s":{"0":1,"1":1,"2":2,"3":1,"4":2,"5":1,"6":1,"7":1,"8":1,"9":1,"10":1,"11":1,"12":5,"13":1,"14":4,"15":2,"16":2,"17":1,"18":1,"19":1,"20":1,"21":1,"22":1,"23":1,"24":1,"25":5,"26":1,"27":1,"28":4,"29":2,"30":2,"31":2,"32":1,"33":1,"34":1,"35":1,"36":1,"37":1,"38":1},"f":{"0":2,"1":2,"2":1,"3":5,"4":1,"5":5},"b":{"0":[1,4],"1":[2,2],"2":[1,1],"3":[1,4],"4":[2,2],"5":[1,1],"6":[1,0]},"_coverageSchema":"1a1c01bbd47fc00a2c39e90264f33305004495a9","hash":"f1a4e4825ba1ac7f225599c6f4a1b89ba46eeb17"}
}
