TN:
SF:src/index.js
FN:11,(anonymous_0)
FN:12,(anonymous_1)
FN:14,(anonymous_2)
FN:22,(anonymous_3)
FN:55,(anonymous_4)
FN:61,(anonymous_5)
FNF:6
FNH:6
FNDA:2,(anonymous_0)
FNDA:2,(anonymous_1)
FNDA:1,(anonymous_2)
FNDA:5,(anonymous_3)
FNDA:1,(anonymous_4)
FNDA:5,(anonymous_5)
DA:9,1
DA:11,2
DA:12,2
DA:14,1
DA:15,1
DA:16,1
DA:18,1
DA:19,1
DA:20,1
DA:22,1
DA:23,5
DA:24,1
DA:30,4
DA:31,2
DA:37,2
DA:38,1
DA:45,1
DA:52,1
DA:55,1
DA:56,1
DA:57,1
DA:59,1
DA:61,1
DA:62,5
DA:63,1
DA:64,1
DA:66,4
DA:67,2
DA:68,2
DA:70,2
DA:71,1
DA:72,1
DA:74,1
DA:75,1
DA:76,1
DA:77,1
DA:81,1
LF:37
LH:37
BRDA:23,0,0,1
BRDA:23,0,1,4
BRDA:30,1,0,2
BRDA:30,1,1,2
BRDA:37,2,0,1
BRDA:37,2,1,1
BRDA:62,3,0,1
BRDA:62,3,1,4
BRDA:66,4,0,2
BRDA:66,4,1,2
BRDA:70,5,0,1
BRDA:70,5,1,1
BRDA:74,6,0,1
BRDA:74,6,1,0
BRF:14
BRH:13
end_of_record
